#
# A fatal error has been detected by the Java Runtime Environment:
#
#  SIGSEGV (0xb) at pc=0x000000010ec22473, pid=9928, tid=0x0000000000001503
#
# JRE version: Java(TM) SE Runtime Environment (8.0_151-b12) (build 1.8.0_151-b12)
# Java VM: Java HotSpot(TM) 64-Bit Server VM (25.151-b12 mixed mode bsd-amd64 compressed oops)
# Problematic frame:
# V  [libjvm.dylib+0x452473]
#
# Failed to write core dump. Core dumps have been disabled. To enable core dumping, try "ulimit -c unlimited" before starting Java again
#
# If you would like to submit a bug report, please visit:
#   http://bugreport.java.com/bugreport/crash.jsp
#

---------------  T H R E A D  ---------------

Current thread (0x00007ff1e3010800):  JavaThread "main" [_thread_in_vm, id=5379, stack(0x0000000110001000,0x0000000110101000)]

siginfo: si_signo: 11 (SIGSEGV), si_code: 1 (SEGV_MAPERR), si_addr: 0x000000007610ee18

Registers:
RAX=0x0000000000000018, RBX=0x00007ff1e24042e0, RCX=0x000000010f0b9603, RDX=0x000000010f0a59e0
RSP=0x00000001100ff800, RBP=0x00000001100ff800, RSI=0x00000007c003eaa8, RDI=0x000000007610ee00
R8 =0x0000000000000556, R9 =0x0000000000000300, R10=0x00007ff1e261cb40, R11=0x00007fff7657d640
R12=0x0000000000000000, R13=0x00000001292eda48, R14=0x00000001292eda50, R15=0x00007ff1e30109f8
RIP=0x000000010ec22473, EFLAGS=0x0000000000010206, ERR=0x0000000000000004
  TRAPNO=0x000000000000000e

Top of Stack: (sp=0x00000001100ff800)
0x00000001100ff800:   00000001100ff830 000000010eae59a0
0x00000001100ff810:   00007ff1e3010800 00000001292eda50
0x00000001100ff820:   00007ff1e30109f8 00007ff1e3010800
0x00000001100ff830:   00000001100ff860 000000010eaf44ab
0x00000001100ff840:   00000001100ff860 00007ff1e30109f8
0x00000001100ff850:   00000001100ff9e8 00007ff1e3010800
0x00000001100ff860:   00000001100ff8d0 0000000131834f25
0x00000001100ff870:   0000001000000000 0000055600000300
0x00000001100ff880:   00000001100ff9e8 00000001292eda50
0x00000001100ff890:   00007ff1e3010800 00000001292eda50
0x00000001100ff8a0:   00000001292eda50 00000001292eda50
0x00000001100ff8b0:   0000000000000000 00000001292eda48
0x00000001100ff8c0:   00000001100ff9e8 00007ff1e3010800
0x00000001100ff8d0:   00000001100ff978 00000001101549f4
0x00000001100ff8e0:   00007ff100000000 00007ff100000000
0x00000001100ff8f0:   0000000100000000 0000000100000000
0x00000001100ff900:   00000001100ff9a0 0000000000000000
0x00000001100ff910:   00000001292eda50 00000001100ff9e8
0x00000001100ff920:   00000001100ff978 0000000110154787
0x00000001100ff930:   0000000110154742 00000001100ff938
0x00000001100ff940:   00000001292eda48 00000001100ff9e8
0x00000001100ff950:   0000000129378028 0000000000000000
0x00000001100ff960:   00000001292eda50 0000000000000000
0x00000001100ff970:   00000001100ff998 00000001100ffa38
0x00000001100ff980:   0000000110145040 0000000000000000
0x00000001100ff990:   000000011014e53b 0000000000000000
0x00000001100ff9a0:   000000076b5de6e0 0000000000000000
0x00000001100ff9b0:   0000000000000000 0000000000000000
0x00000001100ff9c0:   0000000000000000 0000000000000300
0x00000001100ff9d0:   0000000000000556 0000000000000010
0x00000001100ff9e0:   0000000000000000 000000076b38d688
0x00000001100ff9f0:   000000076b38d688 00000001100ff9f8 

Instructions: (pc=0x000000010ec22473)
0x000000010ec22453:   49 89 1c ce 41 ff 46 40 49 8d 04 ce eb 03 48 89
0x000000010ec22463:   18 5b 41 5e 5d c3 90 90 90 55 48 89 e5 8b 46 0c
0x000000010ec22473:   48 39 34 07 75 04 b0 01 eb 0e 83 f8 18 74 04 30
0x000000010ec22483:   c0 eb 05 e8 e1 d1 f5 ff 0f b6 c0 5d c3 55 48 89 

Register to memory mapping:

RAX=0x0000000000000018 is an unknown value
RBX=0x00007ff1e24042e0 is a global jni handle
RCX=0x000000010f0b9603: CONST_G1ExitOnExpansionFailure+0x3 in /Library/Java/JavaVirtualMachines/jdk1.8.0_151.jdk/Contents/Home/jre/lib/server/libjvm.dylib at 0x000000010e7d0000
RDX=0x000000010f0a59e0: _ZTV6Method+0x10 in /Library/Java/JavaVirtualMachines/jdk1.8.0_151.jdk/Contents/Home/jre/lib/server/libjvm.dylib at 0x000000010e7d0000
RSP=0x00000001100ff800 is pointing into the stack for thread: 0x00007ff1e3010800
RBP=0x00000001100ff800 is pointing into the stack for thread: 0x00007ff1e3010800
RSI=0x00000007c003eaa8 is pointing into metadata
RDI=0x000000007610ee00 is an unknown value
R8 =0x0000000000000556 is an unknown value
R9 =0x0000000000000300 is an unknown value
R10=0x00007ff1e261cb40 is an unknown value
R11=0x00007fff7657d640: OBJC_CLASS_$_NSAutoreleasePool+0 in /System/Library/Frameworks/Foundation.framework/Versions/C/Foundation at 0x00007fff86a58000
R12=0x0000000000000000 is an unknown value
R13=0x00000001292eda48 is pointing into metadata
R14={method} {0x00000001292eda50} 'nCreateWindow' '(IIIIZZZZLjava/nio/ByteBuffer;Ljava/nio/ByteBuffer;)Ljava/nio/ByteBuffer;' in 'org/lwjgl/opengl/MacOSXDisplay'
R15=0x00007ff1e30109f8 is an unknown value


Stack: [0x0000000110001000,0x0000000110101000],  sp=0x00000001100ff800,  free space=1018k
Native frames: (J=compiled Java code, j=interpreted, Vv=VM code, C=native code)
V  [libjvm.dylib+0x452473]
V  [libjvm.dylib+0x3159a0]
V  [libjvm.dylib+0x3244ab]
C  [liblwjgl.dylib+0xbf25]  Java_org_lwjgl_opengl_MacOSXDisplay_nCreateWindow+0x65
j  org.lwjgl.opengl.MacOSXDisplay.nCreateWindow(IIIIZZZZLjava/nio/ByteBuffer;Ljava/nio/ByteBuffer;)Ljava/nio/ByteBuffer;+0
j  org.lwjgl.opengl.MacOSXDisplay.createWindow(Lorg/lwjgl/opengl/DrawableLWJGL;Lorg/lwjgl/opengl/DisplayMode;Ljava/awt/Canvas;II)V+120
j  org.lwjgl.opengl.Display.createWindow()V+71
j  org.lwjgl.opengl.Display.create(Lorg/lwjgl/opengl/PixelFormat;Lorg/lwjgl/opengl/Drawable;Lorg/lwjgl/opengl/ContextAttribs;)V+72
j  org.lwjgl.opengl.Display.create(Lorg/lwjgl/opengl/PixelFormat;)V+12
j  org.newdawn.slick.AppGameContainer.tryCreateDisplay(Lorg/lwjgl/opengl/PixelFormat;)V+7
j  org.newdawn.slick.AppGameContainer.access$000(Lorg/newdawn/slick/AppGameContainer;Lorg/lwjgl/opengl/PixelFormat;)V+2
j  org.newdawn.slick.AppGameContainer$2.run()Ljava/lang/Object;+36
v  ~StubRoutines::call_stub
V  [libjvm.dylib+0x2ee9aa]
V  [libjvm.dylib+0x34f108]
j  java.security.AccessController.doPrivileged(Ljava/security/PrivilegedAction;)Ljava/lang/Object;+0
j  org.newdawn.slick.AppGameContainer.setup()V+112
j  org.newdawn.slick.AppGameContainer.start()V+1
j  com.base.engine.core.BaseGame.main([Ljava/lang/String;)V+55
v  ~StubRoutines::call_stub
V  [libjvm.dylib+0x2ee9aa]
V  [libjvm.dylib+0x3257c2]
V  [libjvm.dylib+0x31e539]
C  [java+0x3931]  JavaMain+0x9c4
C  [libsystem_pthread.dylib+0x405a]  _pthread_body+0x83
C  [libsystem_pthread.dylib+0x3fd7]  _pthread_body+0x0
C  [libsystem_pthread.dylib+0x13ed]  thread_start+0xd
C  0x0000000000000000

Java frames: (J=compiled Java code, j=interpreted, Vv=VM code)
j  org.lwjgl.opengl.MacOSXDisplay.nCreateWindow(IIIIZZZZLjava/nio/ByteBuffer;Ljava/nio/ByteBuffer;)Ljava/nio/ByteBuffer;+0
j  org.lwjgl.opengl.MacOSXDisplay.createWindow(Lorg/lwjgl/opengl/DrawableLWJGL;Lorg/lwjgl/opengl/DisplayMode;Ljava/awt/Canvas;II)V+120
j  org.lwjgl.opengl.Display.createWindow()V+71
j  org.lwjgl.opengl.Display.create(Lorg/lwjgl/opengl/PixelFormat;Lorg/lwjgl/opengl/Drawable;Lorg/lwjgl/opengl/ContextAttribs;)V+72
j  org.lwjgl.opengl.Display.create(Lorg/lwjgl/opengl/PixelFormat;)V+12
j  org.newdawn.slick.AppGameContainer.tryCreateDisplay(Lorg/lwjgl/opengl/PixelFormat;)V+7
j  org.newdawn.slick.AppGameContainer.access$000(Lorg/newdawn/slick/AppGameContainer;Lorg/lwjgl/opengl/PixelFormat;)V+2
j  org.newdawn.slick.AppGameContainer$2.run()Ljava/lang/Object;+36
v  ~StubRoutines::call_stub
j  java.security.AccessController.doPrivileged(Ljava/security/PrivilegedAction;)Ljava/lang/Object;+0
j  org.newdawn.slick.AppGameContainer.setup()V+112
j  org.newdawn.slick.AppGameContainer.start()V+1
j  com.base.engine.core.BaseGame.main([Ljava/lang/String;)V+55
v  ~StubRoutines::call_stub

---------------  P R O C E S S  ---------------

Java Threads: ( => current thread )
  0x00007ff1e28f9000 JavaThread "AWT-Shutdown" [_thread_blocked, id=29203, stack(0x000000012e9fc000,0x000000012eafc000)]
  0x00007ff1e28f0800 JavaThread "AppKit Thread" daemon [_thread_in_native, id=1811, stack(0x00007fff50d2f000,0x00007fff5152f000)]
  0x00007ff1e404d800 JavaThread "Service Thread" daemon [_thread_blocked, id=18947, stack(0x000000012cc69000,0x000000012cd69000)]
  0x00007ff1e3851800 JavaThread "C1 CompilerThread2" daemon [_thread_blocked, id=18435, stack(0x000000012cb07000,0x000000012cc07000)]
  0x00007ff1e404d000 JavaThread "C2 CompilerThread1" daemon [_thread_blocked, id=17923, stack(0x000000012ca04000,0x000000012cb04000)]
  0x00007ff1e404c000 JavaThread "C2 CompilerThread0" daemon [_thread_blocked, id=17411, stack(0x000000012c901000,0x000000012ca01000)]
  0x00007ff1e3054000 JavaThread "Monitor Ctrl-Break" daemon [_thread_in_native, id=16899, stack(0x000000012c7fe000,0x000000012c8fe000)]
  0x00007ff1e2831800 JavaThread "Signal Dispatcher" daemon [_thread_blocked, id=13843, stack(0x000000012c58b000,0x000000012c68b000)]
  0x00007ff1e282a800 JavaThread "Finalizer" daemon [_thread_blocked, id=12035, stack(0x000000012ab5e000,0x000000012ac5e000)]
  0x00007ff1e380a800 JavaThread "Reference Handler" daemon [_thread_blocked, id=11523, stack(0x000000012aa5b000,0x000000012ab5b000)]
=>0x00007ff1e3010800 JavaThread "main" [_thread_in_vm, id=5379, stack(0x0000000110001000,0x0000000110101000)]

Other Threads:
  0x00007ff1e4019000 VMThread [stack: 0x000000012a958000,0x000000012aa58000] [id=11011]
  0x00007ff1e3842800 WatcherThread [stack: 0x000000012cd6c000,0x000000012ce6c000] [id=19459]

VM state:not at safepoint (normal execution)

VM Mutex/Monitor currently owned by a thread: None

Heap:
 PSYoungGen      total 76288K, used 11801K [0x000000076ab00000, 0x0000000770000000, 0x00000007c0000000)
  eden space 65536K, 18% used [0x000000076ab00000,0x000000076b6866e0,0x000000076eb00000)
  from space 10752K, 0% used [0x000000076f580000,0x000000076f580000,0x0000000770000000)
  to   space 10752K, 0% used [0x000000076eb00000,0x000000076eb00000,0x000000076f580000)
 ParOldGen       total 175104K, used 0K [0x00000006c0000000, 0x00000006cab00000, 0x000000076ab00000)
  object space 175104K, 0% used [0x00000006c0000000,0x00000006c0000000,0x00000006cab00000)
 Metaspace       used 5905K, capacity 6072K, committed 6144K, reserved 1056768K
  class space    used 661K, capacity 728K, committed 768K, reserved 1048576K

Card table byte_map: [0x000000011f4fd000,0x000000011fcfe000] byte_map_base: 0x000000011befd000

Marking Bits: (ParMarkBitMap*) 0x000000010f0c35d0
 Begin Bits: [0x0000000120660000, 0x0000000124660000)
 End Bits:   [0x0000000124660000, 0x0000000128660000)

Polling page: 0x000000010f7d1000

CodeCache: size=245760Kb used=1864Kb max_used=1864Kb free=243895Kb
 bounds [0x000000011013d000, 0x00000001103ad000, 0x000000011f13d000]
 total_blobs=661 nmethods=368 adapters=207
 compilation: enabled

Compilation events (10 events):
Event: 0.951 Thread 0x00007ff1e3851800  364   !   3       java.util.zip.Inflater::inflate (113 bytes)
Event: 0.953 Thread 0x00007ff1e3851800 nmethod 364 0x0000000110309c90 code [0x0000000110309e60, 0x000000011030a4d8]
Event: 0.953 Thread 0x00007ff1e3851800  365   !   3       sun.misc.URLClassPath$JarLoader::getResource (353 bytes)
Event: 0.957 Thread 0x00007ff1e3851800 nmethod 365 0x000000011030a850 code [0x000000011030ac80, 0x000000011030ccf8]
Event: 0.957 Thread 0x00007ff1e3851800  368       3       java.lang.String::replace (127 bytes)
Event: 0.957 Thread 0x00007ff1e3851800 nmethod 368 0x000000011030e950 code [0x000000011030eb00, 0x000000011030f1b0]
Event: 0.957 Thread 0x00007ff1e3851800  366       1       java.nio.Buffer::position (5 bytes)
Event: 0.957 Thread 0x00007ff1e3851800 nmethod 366 0x0000000110306dd0 code [0x0000000110306f20, 0x0000000110307030]
Event: 0.957 Thread 0x00007ff1e3851800  367       1       java.nio.Buffer::limit (5 bytes)
Event: 0.957 Thread 0x00007ff1e3851800 nmethod 367 0x0000000110306b10 code [0x0000000110306c60, 0x0000000110306d70]

GC Heap History (0 events):
No events

Deoptimization events (1 events):
Event: 0.926 Thread 0x00007ff1e3010800 Uncommon trap: reason=unstable_if action=reinterpret pc=0x00000001102ec100 method=java.lang.String.replace(CC)Ljava/lang/String; @ 26

Internal exceptions (10 events):
Event: 0.209 Thread 0x00007ff1e3010800 Exception <a 'java/security/PrivilegedActionException'> (0x000000076abf2e00) thrown at [/Users/java_re/workspace/8-2-build-macosx-x86_64/jdk8u151/9699/hotspot/src/share/vm/prims/jvm.cpp, line 1390]
Event: 0.493 Thread 0x00007ff1e3010800 Exception <a 'java/security/PrivilegedActionException'> (0x000000076b10c630) thrown at [/Users/java_re/workspace/8-2-build-macosx-x86_64/jdk8u151/9699/hotspot/src/share/vm/prims/jvm.cpp, line 1390]
Event: 0.493 Thread 0x00007ff1e3010800 Exception <a 'java/security/PrivilegedActionException'> (0x000000076b10c840) thrown at [/Users/java_re/workspace/8-2-build-macosx-x86_64/jdk8u151/9699/hotspot/src/share/vm/prims/jvm.cpp, line 1390]
Event: 0.494 Thread 0x00007ff1e3010800 Exception <a 'java/security/PrivilegedActionException'> (0x000000076b10fd58) thrown at [/Users/java_re/workspace/8-2-build-macosx-x86_64/jdk8u151/9699/hotspot/src/share/vm/prims/jvm.cpp, line 1390]
Event: 0.494 Thread 0x00007ff1e3010800 Exception <a 'java/security/PrivilegedActionException'> (0x000000076b10ff68) thrown at [/Users/java_re/workspace/8-2-build-macosx-x86_64/jdk8u151/9699/hotspot/src/share/vm/prims/jvm.cpp, line 1390]
Event: 0.557 Thread 0x00007ff1e3010800 Exception <a 'java/lang/NoSuchFieldError': method resolution failed> (0x000000076b2437c8) thrown at [/Users/java_re/workspace/8-2-build-macosx-x86_64/jdk8u151/9699/hotspot/src/share/vm/prims/methodHandles.cpp, line 1146]
Event: 0.559 Thread 0x00007ff1e3010800 Exception <a 'java/lang/NoSuchFieldError': method resolution failed> (0x000000076b2517b8) thrown at [/Users/java_re/workspace/8-2-build-macosx-x86_64/jdk8u151/9699/hotspot/src/share/vm/prims/methodHandles.cpp, line 1146]
Event: 0.881 Thread 0x00007ff1e3010800 Exception <a 'java/io/FileNotFoundException'> (0x000000076b2f3f38) thrown at [/Users/java_re/workspace/8-2-build-macosx-x86_64/jdk8u151/9699/hotspot/src/share/vm/prims/jni.cpp, line 709]
Event: 0.881 Thread 0x00007ff1e3010800 Exception <a 'java/io/FileNotFoundException'> (0x000000076b2f4a98) thrown at [/Users/java_re/workspace/8-2-build-macosx-x86_64/jdk8u151/9699/hotspot/src/share/vm/prims/jni.cpp, line 709]
Event: 0.900 Thread 0x00007ff1e3010800 Exception <a 'java/lang/UnsatisfiedLinkError'> (0x000000076b33a4b8) thrown at [/Users/java_re/workspace/8-2-build-macosx-x86_64/jdk8u151/9699/hotspot/src/share/vm/prims/jvm.cpp, line 1394]

Events (10 events):
Event: 0.958 loading class java/lang/Shutdown$Lock
Event: 0.958 loading class java/lang/Shutdown$Lock done
Event: 0.958 loading class org/lwjgl/opengl/Display$4
Event: 0.958 loading class org/lwjgl/opengl/Display$4 done
Event: 0.959 loading class java/awt/Container
Event: 0.961 loading class java/awt/Container done
Event: 0.980 loading class org/lwjgl/opengl/AWTSurfaceLock
Event: 0.980 loading class org/lwjgl/opengl/AWTSurfaceLock done
Event: 0.980 loading class org/lwjgl/opengl/Display$7
Event: 0.980 loading class org/lwjgl/opengl/Display$7 done


Dynamic libraries:
0x0000000006412000 	/System/Library/Frameworks/Cocoa.framework/Versions/A/Cocoa
0x0000000006412000 	/System/Library/Frameworks/Security.framework/Versions/A/Security
0x0000000006412000 	/System/Library/Frameworks/ApplicationServices.framework/Versions/A/ApplicationServices
0x0000000006412000 	/usr/lib/libz.1.dylib
0x0000000006412000 	/usr/lib/libSystem.B.dylib
0x0000000006412000 	/usr/lib/libobjc.A.dylib
0x0000000006412000 	/System/Library/Frameworks/CoreFoundation.framework/Versions/A/CoreFoundation
0x0000000006412000 	/System/Library/Frameworks/Foundation.framework/Versions/C/Foundation
0x0000000006412000 	/System/Library/Frameworks/AppKit.framework/Versions/C/AppKit
0x0000000006412000 	/System/Library/Frameworks/CoreData.framework/Versions/A/CoreData
0x0000000006412000 	/System/Library/PrivateFrameworks/RemoteViewServices.framework/Versions/A/RemoteViewServices
0x0000000006412000 	/System/Library/PrivateFrameworks/UIFoundation.framework/Versions/A/UIFoundation
0x0000000006412000 	/System/Library/Frameworks/IOSurface.framework/Versions/A/IOSurface
0x0000000006412000 	/System/Library/Frameworks/AudioToolbox.framework/Versions/A/AudioToolbox
0x0000000006412000 	/System/Library/Frameworks/AudioUnit.framework/Versions/A/AudioUnit
0x0000000006412000 	/System/Library/PrivateFrameworks/DataDetectorsCore.framework/Versions/A/DataDetectorsCore
0x0000000006412000 	/System/Library/PrivateFrameworks/DesktopServicesPriv.framework/Versions/A/DesktopServicesPriv
0x0000000006412000 	/System/Library/Frameworks/Carbon.framework/Versions/A/Frameworks/HIToolbox.framework/Versions/A/HIToolbox
0x0000000006412000 	/System/Library/Frameworks/QuartzCore.framework/Versions/A/QuartzCore
0x0000000006412000 	/System/Library/Frameworks/Carbon.framework/Versions/A/Frameworks/SpeechRecognition.framework/Versions/A/SpeechRecognition
0x0000000006412000 	/usr/lib/libauto.dylib
0x0000000006412000 	/usr/lib/libicucore.A.dylib
0x0000000006412000 	/usr/lib/libxml2.2.dylib
0x0000000006412000 	/System/Library/PrivateFrameworks/CoreUI.framework/Versions/A/CoreUI
0x0000000006412000 	/System/Library/Frameworks/CoreAudio.framework/Versions/A/CoreAudio
0x0000000006412000 	/System/Library/Frameworks/DiskArbitration.framework/Versions/A/DiskArbitration
0x0000000006412000 	/usr/lib/liblangid.dylib
0x0000000006412000 	/System/Library/PrivateFrameworks/MultitouchSupport.framework/Versions/A/MultitouchSupport
0x0000000006412000 	/System/Library/Frameworks/IOKit.framework/Versions/A/IOKit
0x0000000006412000 	/usr/lib/libDiagnosticMessagesClient.dylib
0x0000000006412000 	/System/Library/Frameworks/CoreServices.framework/Versions/A/CoreServices
0x0000000006412000 	/System/Library/PrivateFrameworks/PerformanceAnalysis.framework/Versions/A/PerformanceAnalysis
0x0000000006412000 	/System/Library/PrivateFrameworks/GenerationalStorage.framework/Versions/A/GenerationalStorage
0x0000000006412000 	/System/Library/Frameworks/OpenGL.framework/Versions/A/OpenGL
0x0000000006412000 	/System/Library/PrivateFrameworks/Sharing.framework/Versions/A/Sharing
0x0000000006412000 	/System/Library/Frameworks/CoreGraphics.framework/Versions/A/CoreGraphics
0x0000000006412000 	/System/Library/Frameworks/CoreText.framework/Versions/A/CoreText
0x0000000006412000 	/System/Library/Frameworks/ImageIO.framework/Versions/A/ImageIO
0x0000000006412000 	/usr/lib/libextension.dylib
0x0000000006412000 	/System/Library/PrivateFrameworks/Backup.framework/Versions/A/Backup
0x0000000006412000 	/usr/lib/libarchive.2.dylib
0x0000000006412000 	/System/Library/Frameworks/CFNetwork.framework/Versions/A/CFNetwork
0x0000000006412000 	/System/Library/Frameworks/SystemConfiguration.framework/Versions/A/SystemConfiguration
0x0000000006412000 	/usr/lib/libCRFSuite.dylib
0x0000000006412000 	/usr/lib/libc++.1.dylib
0x0000000006412000 	/usr/lib/libc++abi.dylib
0x0000000006412000 	/usr/lib/system/libcache.dylib
0x0000000006412000 	/usr/lib/system/libcommonCrypto.dylib
0x0000000006412000 	/usr/lib/system/libcompiler_rt.dylib
0x0000000006412000 	/usr/lib/system/libcopyfile.dylib
0x0000000006412000 	/usr/lib/system/libcorecrypto.dylib
0x0000000006412000 	/usr/lib/system/libdispatch.dylib
0x0000000006412000 	/usr/lib/system/libdyld.dylib
0x0000000006412000 	/usr/lib/system/libkeymgr.dylib
0x0000000006412000 	/usr/lib/system/liblaunch.dylib
0x0000000006412000 	/usr/lib/system/libmacho.dylib
0x0000000006412000 	/usr/lib/system/libquarantine.dylib
0x0000000006412000 	/usr/lib/system/libremovefile.dylib
0x0000000006412000 	/usr/lib/system/libsystem_asl.dylib
0x0000000006412000 	/usr/lib/system/libsystem_blocks.dylib
0x0000000006412000 	/usr/lib/system/libsystem_c.dylib
0x0000000006412000 	/usr/lib/system/libsystem_configuration.dylib
0x0000000006412000 	/usr/lib/system/libsystem_coreservices.dylib
0x0000000006412000 	/usr/lib/system/libsystem_coretls.dylib
0x0000000006412000 	/usr/lib/system/libsystem_dnssd.dylib
0x0000000006412000 	/usr/lib/system/libsystem_info.dylib
0x0000000006412000 	/usr/lib/system/libsystem_kernel.dylib
0x0000000006412000 	/usr/lib/system/libsystem_m.dylib
0x0000000006412000 	/usr/lib/system/libsystem_malloc.dylib
0x0000000006412000 	/usr/lib/system/libsystem_network.dylib
0x0000000006412000 	/usr/lib/system/libsystem_networkextension.dylib
0x0000000006412000 	/usr/lib/system/libsystem_notify.dylib
0x0000000006412000 	/usr/lib/system/libsystem_platform.dylib
0x0000000006412000 	/usr/lib/system/libsystem_pthread.dylib
0x0000000006412000 	/usr/lib/system/libsystem_sandbox.dylib
0x0000000006412000 	/usr/lib/system/libsystem_secinit.dylib
0x0000000006412000 	/usr/lib/system/libsystem_stats.dylib
0x0000000006412000 	/usr/lib/system/libsystem_trace.dylib
0x0000000006412000 	/usr/lib/system/libunc.dylib
0x0000000006412000 	/usr/lib/system/libunwind.dylib
0x0000000006412000 	/usr/lib/system/libxpc.dylib
0x0000000006412000 	/usr/lib/libbz2.1.0.dylib
0x0000000006412000 	/usr/lib/liblzma.5.dylib
0x0000000006412000 	/usr/lib/libbsm.0.dylib
0x0000000006412000 	/usr/lib/libsqlite3.dylib
0x0000000006412000 	/usr/lib/system/libkxld.dylib
0x0000000006412000 	/usr/lib/libxar.1.dylib
0x0000000006412000 	/usr/lib/libpam.2.dylib
0x0000000006412000 	/usr/lib/libOpenScriptingUtil.dylib
0x0000000006412000 	/System/Library/Frameworks/CoreServices.framework/Versions/A/Frameworks/FSEvents.framework/Versions/A/FSEvents
0x0000000006412000 	/System/Library/Frameworks/CoreServices.framework/Versions/A/Frameworks/CarbonCore.framework/Versions/A/CarbonCore
0x0000000006412000 	/System/Library/Frameworks/CoreServices.framework/Versions/A/Frameworks/Metadata.framework/Versions/A/Metadata
0x0000000006412000 	/System/Library/Frameworks/CoreServices.framework/Versions/A/Frameworks/OSServices.framework/Versions/A/OSServices
0x0000000006412000 	/System/Library/Frameworks/CoreServices.framework/Versions/A/Frameworks/SearchKit.framework/Versions/A/SearchKit
0x0000000006412000 	/System/Library/Frameworks/CoreServices.framework/Versions/A/Frameworks/AE.framework/Versions/A/AE
0x0000000006412000 	/System/Library/Frameworks/CoreServices.framework/Versions/A/Frameworks/LaunchServices.framework/Versions/A/LaunchServices
0x0000000006412000 	/System/Library/Frameworks/CoreServices.framework/Versions/A/Frameworks/DictionaryServices.framework/Versions/A/DictionaryServices
0x0000000006412000 	/System/Library/Frameworks/NetFS.framework/Versions/A/NetFS
0x0000000006412000 	/System/Library/PrivateFrameworks/NetAuth.framework/Versions/A/NetAuth
0x0000000006412000 	/System/Library/PrivateFrameworks/login.framework/Versions/A/Frameworks/loginsupport.framework/Versions/A/loginsupport
0x0000000006412000 	/System/Library/PrivateFrameworks/TCC.framework/Versions/A/TCC
0x0000000006412000 	/usr/lib/libmecabra.dylib
0x0000000006412000 	/System/Library/Frameworks/ApplicationServices.framework/Versions/A/Frameworks/ATS.framework/Versions/A/ATS
0x0000000006412000 	/System/Library/Frameworks/ApplicationServices.framework/Versions/A/Frameworks/ColorSync.framework/Versions/A/ColorSync
0x0000000006412000 	/System/Library/Frameworks/ApplicationServices.framework/Versions/A/Frameworks/HIServices.framework/Versions/A/HIServices
0x0000000006412000 	/System/Library/Frameworks/ApplicationServices.framework/Versions/A/Frameworks/LangAnalysis.framework/Versions/A/LangAnalysis
0x0000000006412000 	/System/Library/Frameworks/ApplicationServices.framework/Versions/A/Frameworks/PrintCore.framework/Versions/A/PrintCore
0x0000000006412000 	/System/Library/Frameworks/ApplicationServices.framework/Versions/A/Frameworks/QD.framework/Versions/A/QD
0x0000000006412000 	/System/Library/Frameworks/ApplicationServices.framework/Versions/A/Frameworks/SpeechSynthesis.framework/Versions/A/SpeechSynthesis
0x0000000006412000 	/System/Library/Frameworks/Accelerate.framework/Versions/A/Accelerate
0x0000000006412000 	/System/Library/Frameworks/Accelerate.framework/Versions/A/Frameworks/vImage.framework/Versions/A/vImage
0x0000000006412000 	/System/Library/Frameworks/Accelerate.framework/Versions/A/Frameworks/vecLib.framework/Versions/A/vecLib
0x0000000006412000 	/System/Library/Frameworks/Accelerate.framework/Versions/A/Frameworks/vecLib.framework/Versions/A/libvDSP.dylib
0x0000000006412000 	/System/Library/Frameworks/Accelerate.framework/Versions/A/Frameworks/vecLib.framework/Versions/A/libvMisc.dylib
0x0000000006412000 	/System/Library/Frameworks/Accelerate.framework/Versions/A/Frameworks/vecLib.framework/Versions/A/libLAPACK.dylib
0x0000000006412000 	/System/Library/Frameworks/Accelerate.framework/Versions/A/Frameworks/vecLib.framework/Versions/A/libBLAS.dylib
0x0000000006412000 	/System/Library/Frameworks/Accelerate.framework/Versions/A/Frameworks/vecLib.framework/Versions/A/libLinearAlgebra.dylib
0x0000000006412000 	/System/Library/Frameworks/ApplicationServices.framework/Versions/A/Frameworks/ATS.framework/Versions/A/Resources/libFontParser.dylib
0x0000000006412000 	/System/Library/Frameworks/ApplicationServices.framework/Versions/A/Frameworks/ATS.framework/Versions/A/Resources/libFontRegistry.dylib
0x0000000006412000 	/System/Library/PrivateFrameworks/AppleVPA.framework/Versions/A/AppleVPA
0x0000000006412000 	/System/Library/PrivateFrameworks/AppleJPEG.framework/Versions/A/AppleJPEG
0x0000000006412000 	/System/Library/Frameworks/ImageIO.framework/Versions/A/Resources/libJPEG.dylib
0x0000000006412000 	/System/Library/Frameworks/ImageIO.framework/Versions/A/Resources/libTIFF.dylib
0x0000000006412000 	/System/Library/Frameworks/ImageIO.framework/Versions/A/Resources/libPng.dylib
0x0000000006412000 	/System/Library/Frameworks/ImageIO.framework/Versions/A/Resources/libGIF.dylib
0x0000000006412000 	/System/Library/Frameworks/ImageIO.framework/Versions/A/Resources/libJP2.dylib
0x0000000006412000 	/System/Library/Frameworks/ImageIO.framework/Versions/A/Resources/libRadiance.dylib
0x0000000006412000 	/System/Library/Frameworks/CoreVideo.framework/Versions/A/CoreVideo
0x0000000006412000 	/System/Library/Frameworks/OpenGL.framework/Versions/A/Libraries/libGLU.dylib
0x0000000006412000 	/System/Library/Frameworks/OpenGL.framework/Versions/A/Libraries/libGFXShared.dylib
0x0000000006412000 	/System/Library/Frameworks/OpenGL.framework/Versions/A/Libraries/libGL.dylib
0x0000000006412000 	/System/Library/Frameworks/OpenGL.framework/Versions/A/Libraries/libGLImage.dylib
0x0000000006412000 	/System/Library/Frameworks/OpenGL.framework/Versions/A/Libraries/libCVMSPluginSupport.dylib
0x0000000006412000 	/System/Library/Frameworks/OpenGL.framework/Versions/A/Libraries/libCoreVMClient.dylib
0x0000000006412000 	/usr/lib/libcups.2.dylib
0x0000000006412000 	/System/Library/Frameworks/Kerberos.framework/Versions/A/Kerberos
0x0000000006412000 	/System/Library/Frameworks/GSS.framework/Versions/A/GSS
0x0000000006412000 	/usr/lib/libresolv.9.dylib
0x0000000006412000 	/usr/lib/libiconv.2.dylib
0x0000000006412000 	/System/Library/PrivateFrameworks/Heimdal.framework/Versions/A/Heimdal
0x0000000006412000 	/usr/lib/libheimdal-asn1.dylib
0x0000000006412000 	/System/Library/Frameworks/OpenDirectory.framework/Versions/A/OpenDirectory
0x0000000006412000 	/System/Library/PrivateFrameworks/CommonAuth.framework/Versions/A/CommonAuth
0x0000000006412000 	/System/Library/Frameworks/OpenDirectory.framework/Versions/A/Frameworks/CFOpenDirectory.framework/Versions/A/CFOpenDirectory
0x0000000006412000 	/System/Library/Frameworks/SecurityFoundation.framework/Versions/A/SecurityFoundation
0x0000000006412000 	/System/Library/PrivateFrameworks/LanguageModeling.framework/Versions/A/LanguageModeling
0x0000000006412000 	/usr/lib/libcmph.dylib
0x0000000006412000 	/System/Library/Frameworks/ServiceManagement.framework/Versions/A/ServiceManagement
0x0000000006412000 	/usr/lib/libxslt.1.dylib
0x0000000006412000 	/System/Library/Frameworks/Carbon.framework/Versions/A/Frameworks/Ink.framework/Versions/A/Ink
0x0000000006412000 	/System/Library/Frameworks/QuartzCore.framework/Versions/A/Frameworks/CoreImage.framework/Versions/A/CoreImage
0x0000000006412000 	/System/Library/PrivateFrameworks/CrashReporterSupport.framework/Versions/A/CrashReporterSupport
0x0000000006412000 	/System/Library/Frameworks/OpenCL.framework/Versions/A/OpenCL
0x0000000006412000 	/System/Library/PrivateFrameworks/FaceCore.framework/Versions/A/FaceCore
0x0000000006412000 	/System/Library/PrivateFrameworks/Ubiquity.framework/Versions/A/Ubiquity
0x0000000006412000 	/System/Library/PrivateFrameworks/IconServices.framework/Versions/A/IconServices
0x0000000006412000 	/System/Library/PrivateFrameworks/ChunkingLibrary.framework/Versions/A/ChunkingLibrary
0x0000000006412000 	/System/Library/PrivateFrameworks/Apple80211.framework/Versions/A/Apple80211
0x0000000006412000 	/System/Library/Frameworks/CoreWLAN.framework/Versions/A/CoreWLAN
0x0000000006412000 	/System/Library/Frameworks/IOBluetooth.framework/Versions/A/IOBluetooth
0x0000000006412000 	/System/Library/PrivateFrameworks/CoreWiFi.framework/Versions/A/CoreWiFi
0x0000000006412000 	/System/Library/Frameworks/CoreBluetooth.framework/Versions/A/CoreBluetooth
0x0000000006412000 	/System/Library/PrivateFrameworks/DebugSymbols.framework/Versions/A/DebugSymbols
0x0000000006412000 	/System/Library/PrivateFrameworks/CoreSymbolication.framework/Versions/A/CoreSymbolication
0x0000000006412000 	/System/Library/PrivateFrameworks/Symbolication.framework/Versions/A/Symbolication
0x0000000006412000 	/System/Library/PrivateFrameworks/SpeechRecognitionCore.framework/Versions/A/SpeechRecognitionCore
0x000000010e7d0000 	/Library/Java/JavaVirtualMachines/jdk1.8.0_151.jdk/Contents/Home/jre/lib/server/libjvm.dylib
0x0000000006412000 	/usr/lib/libstdc++.6.dylib
0x000000010f78e000 	/Library/Java/JavaVirtualMachines/jdk1.8.0_151.jdk/Contents/Home/jre/lib/libverify.dylib
0x000000010f79c000 	/Library/Java/JavaVirtualMachines/jdk1.8.0_151.jdk/Contents/Home/jre/lib/libjava.dylib
0x000000010f7d2000 	/Library/Java/JavaVirtualMachines/jdk1.8.0_151.jdk/Contents/Home/jre/lib/libinstrument.dylib
0x0000000110134000 	/Library/Java/JavaVirtualMachines/jdk1.8.0_151.jdk/Contents/Home/jre/lib/libzip.dylib
0x000000012ac60000 	/System/Library/Frameworks/JavaVM.framework/Frameworks/JavaRuntimeSupport.framework/JavaRuntimeSupport
0x000000012ac7b000 	/System/Library/Frameworks/JavaVM.framework/Versions/A/Frameworks/JavaNativeFoundation.framework/Versions/A/JavaNativeFoundation
0x000000012ac90000 	/System/Library/Frameworks/JavaVM.framework/Versions/A/JavaVM
0x0000000006412000 	/System/Library/Frameworks/Carbon.framework/Versions/A/Carbon
0x000000012ac9d000 	/System/Library/PrivateFrameworks/JavaLaunching.framework/Versions/A/JavaLaunching
0x0000000006412000 	/System/Library/Frameworks/Carbon.framework/Versions/A/Frameworks/CommonPanels.framework/Versions/A/CommonPanels
0x0000000006412000 	/System/Library/Frameworks/Carbon.framework/Versions/A/Frameworks/Help.framework/Versions/A/Help
0x0000000006412000 	/System/Library/Frameworks/Carbon.framework/Versions/A/Frameworks/ImageCapture.framework/Versions/A/ImageCapture
0x0000000006412000 	/System/Library/Frameworks/Carbon.framework/Versions/A/Frameworks/OpenScripting.framework/Versions/A/OpenScripting
0x0000000006412000 	/System/Library/Frameworks/Carbon.framework/Versions/A/Frameworks/Print.framework/Versions/A/Print
0x0000000006412000 	/System/Library/Frameworks/Carbon.framework/Versions/A/Frameworks/SecurityHI.framework/Versions/A/SecurityHI
0x000000012cc09000 	/Library/Java/JavaVirtualMachines/jdk1.8.0_151.jdk/Contents/Home/jre/lib/libnet.dylib
0x000000012ce6e000 	/Library/Java/JavaVirtualMachines/jdk1.8.0_151.jdk/Contents/Home/jre/lib/libawt.dylib
0x000000012cf16000 	/Library/Java/JavaVirtualMachines/jdk1.8.0_151.jdk/Contents/Home/jre/lib/./libmlib_image.dylib
0x000000012cfe2000 	/Library/Java/JavaVirtualMachines/jdk1.8.0_151.jdk/Contents/Home/jre/lib/libawt_lwawt.dylib
0x000000012d099000 	/Library/Java/JavaVirtualMachines/jdk1.8.0_151.jdk/Contents/Home/jre/lib/./libosxapp.dylib
0x0000000006412000 	/System/Library/Frameworks/ExceptionHandling.framework/Versions/A/ExceptionHandling
0x0000000006412000 	/System/Library/PrivateFrameworks/CoreServicesInternal.framework/Versions/A/CoreServicesInternal
0x0000000006412000 	/System/Library/PrivateFrameworks/CloudDocs.framework/Versions/A/CloudDocs
0x0000000006412000 	/System/Library/PrivateFrameworks/CoreDuet.framework/Versions/A/CoreDuet
0x0000000006412000 	/System/Library/Frameworks/CloudKit.framework/Versions/A/CloudKit
0x0000000006412000 	/System/Library/PrivateFrameworks/ProtocolBuffer.framework/Versions/A/ProtocolBuffer
0x0000000006412000 	/System/Library/PrivateFrameworks/CoreDuetDaemonProtocol.framework/Versions/A/CoreDuetDaemonProtocol
0x0000000006412000 	/System/Library/PrivateFrameworks/CoreDuetDebugLogging.framework/Versions/A/CoreDuetDebugLogging
0x0000000006412000 	/System/Library/PrivateFrameworks/MMCS.framework/Versions/A/MMCS
0x0000000006412000 	/System/Library/Frameworks/CoreLocation.framework/Versions/A/CoreLocation
0x0000000006412000 	/System/Library/PrivateFrameworks/ProtectedCloudStorage.framework/Versions/A/ProtectedCloudStorage
0x0000000006412000 	/System/Library/PrivateFrameworks/GeoServices.framework/Versions/A/GeoServices
0x0000000006412000 	/System/Library/Frameworks/CoreGraphics.framework/Versions/A/Resources/libCGCMS.A.dylib
0x0000000006412000 	/System/Library/Frameworks/CoreGraphics.framework/Versions/A/Resources/libRIP.A.dylib
0x0000000006412000 	/System/Library/Frameworks/CoreGraphics.framework/Versions/A/Resources/libCGXType.A.dylib
0x0000000006412000 	/System/Library/Frameworks/OpenCL.framework/Versions/A/Libraries/libcldcpuengine.dylib
0x0000000006412000 	/System/Library/PrivateFrameworks/DiskImages.framework/Versions/A/DiskImages
0x0000000006412000 	/System/Library/Frameworks/DiscRecording.framework/Versions/A/DiscRecording
0x0000000006412000 	/usr/lib/libcsfde.dylib
0x0000000006412000 	/usr/lib/libcurl.4.dylib
0x0000000006412000 	/System/Library/PrivateFrameworks/MediaKit.framework/Versions/A/MediaKit
0x0000000006412000 	/usr/lib/libCoreStorage.dylib
0x0000000006412000 	/System/Library/PrivateFrameworks/EFILogin.framework/Versions/A/EFILogin
0x0000000006412000 	/usr/lib/libutil.dylib
0x0000000006412000 	/System/Library/PrivateFrameworks/FindMyDevice.framework/Versions/A/FindMyDevice
0x0000000006412000 	/System/Library/Frameworks/LDAP.framework/Versions/A/LDAP
0x0000000006412000 	/usr/lib/libsasl2.2.dylib
0x0000000006412000 	/System/Library/PrivateFrameworks/CoreDaemon.framework/Versions/B/CoreDaemon
0x0000000006412000 	/usr/lib/libcrypto.0.9.8.dylib
0x0000000006412000 	/System/Library/PrivateFrameworks/AppleSRP.framework/Versions/A/AppleSRP
0x0000000006412000 	/System/Library/PrivateFrameworks/TrustEvaluationAgent.framework/Versions/A/TrustEvaluationAgent
0x000000013053c000 	cl_kernels
0x000000013053e000 	/System/Library/Frameworks/OpenCL.framework/Versions/A/Libraries/ImageFormats/unorm8_bgra.dylib
0x000000013052e000 	cl_kernels
0x0000000006412000 	/System/Library/PrivateFrameworks/FamilyControls.framework/Versions/A/FamilyControls
0x0000000006412000 	/System/Library/PrivateFrameworks/CommerceKit.framework/Versions/A/Frameworks/CommerceCore.framework/Versions/A/CommerceCore
0x0000000006412000 	/System/Library/PrivateFrameworks/SystemAdministration.framework/Versions/A/SystemAdministration
0x0000000006412000 	/System/Library/PrivateFrameworks/AppContainer.framework/Versions/A/AppContainer
0x0000000006412000 	/System/Library/PrivateFrameworks/SecCodeWrapper.framework/Versions/A/SecCodeWrapper
0x0000000006412000 	/System/Library/Frameworks/DirectoryService.framework/Versions/A/DirectoryService
0x0000000006412000 	/System/Library/PrivateFrameworks/LoginUIKit.framework/Versions/A/Frameworks/LoginUICore.framework/Versions/A/LoginUICore
0x0000000006412000 	/usr/lib/libodfde.dylib
0x00000001317c2000 	/Library/Java/JavaVirtualMachines/jdk1.8.0_151.jdk/Contents/Home/jre/lib/libfontmanager.dylib
0x0000000131829000 	/Users/alex/Documents/eclipse_projects/Projects/Labyrinth/lib/slick/liblwjgl.dylib
0x000000012f9a8000 	/Library/Java/JavaVirtualMachines/jdk1.8.0_151.jdk/Contents/Home/jre/lib/libjawt.dylib
0x0000000006412000 	/System/Library/Frameworks/OpenGL.framework/Versions/A/Resources/GLEngine.bundle/GLEngine
0x0000000006412000 	/System/Library/Frameworks/OpenGL.framework/Versions/A/Libraries/libGLProgrammability.dylib
0x00000001318ab000 	/System/Library/Extensions/AppleIntelBDWGraphicsGLDriver.bundle/Contents/MacOS/AppleIntelBDWGraphicsGLDriver
0x0000000006412000 	/System/Library/PrivateFrameworks/IOAccelerator.framework/Versions/A/IOAccelerator
0x0000000006412000 	/System/Library/PrivateFrameworks/GPUSupport.framework/Versions/A/Libraries/libGPUSupportMercury.dylib
0x0000000006412000 	/System/Library/Frameworks/OpenGL.framework/Versions/A/Resources/GLRendererFloat.bundle/GLRendererFloat

VM Arguments:
jvm_args: -Djava.library.path=/Users/alex/Documents/eclipse_projects/Projects/Labyrinth/lib/slick -javaagent:/Applications/IntelliJ IDEA.app/Contents/lib/idea_rt.jar=61725:/Applications/IntelliJ IDEA.app/Contents/bin -Dfile.encoding=UTF-8 
java_command: com.base.engine.core.BaseGame -Djava.library.path=lib/slick
java_class_path (initial): /Library/Java/JavaVirtualMachines/jdk1.8.0_151.jdk/Contents/Home/jre/lib/charsets.jar:/Library/Java/JavaVirtualMachines/jdk1.8.0_151.jdk/Contents/Home/jre/lib/deploy.jar:/Library/Java/JavaVirtualMachines/jdk1.8.0_151.jdk/Contents/Home/jre/lib/ext/cldrdata.jar:/Library/Java/JavaVirtualMachines/jdk1.8.0_151.jdk/Contents/Home/jre/lib/ext/dnsns.jar:/Library/Java/JavaVirtualMachines/jdk1.8.0_151.jdk/Contents/Home/jre/lib/ext/jaccess.jar:/Library/Java/JavaVirtualMachines/jdk1.8.0_151.jdk/Contents/Home/jre/lib/ext/jfxrt.jar:/Library/Java/JavaVirtualMachines/jdk1.8.0_151.jdk/Contents/Home/jre/lib/ext/localedata.jar:/Library/Java/JavaVirtualMachines/jdk1.8.0_151.jdk/Contents/Home/jre/lib/ext/nashorn.jar:/Library/Java/JavaVirtualMachines/jdk1.8.0_151.jdk/Contents/Home/jre/lib/ext/sunec.jar:/Library/Java/JavaVirtualMachines/jdk1.8.0_151.jdk/Contents/Home/jre/lib/ext/sunjce_provider.jar:/Library/Java/JavaVirtualMachines/jdk1.8.0_151.jdk/Contents/Home/jre/lib/ext/sunpkcs11.jar:/Library/Java/JavaVirtualMachines/jdk1.8.0_151.jdk/Contents/Home/jre/lib/ext/zipfs.jar:/Library/Java/JavaVirtualMachines/jdk1.8.0_151.jdk/Contents/Home/jre/lib/javaws.jar:/Library/Java/JavaVirtualMachines/jdk1.8.0_151.jdk/Contents/Home/jre/lib/jce.jar:/Library/Java/JavaVirtualMachines/jdk1.8.0_151.jdk/Contents/Home/jre/lib/jfr.jar:/Library/Java/JavaVirtualMachines/jdk1.8.0_151.jdk/Contents/Home/jre/lib/jfxswt.jar:/Library/Java/JavaVirtualMachines/jdk1.8.0_151.jdk/Contents/Home/jre/lib/jsse.jar:/Library/Java/JavaVirtualMachines/jdk1.8.0_151.jdk/Contents/Home/jre/lib/management-agent.jar:/Library/Java/JavaVirtualMachines/jdk1.8.0_151.jdk/Contents/Home/jre/lib/plugin.jar:/Library/Java/JavaVirtualMachines/jdk1.8.0_151.jdk/Contents/Home/jre/lib/resources.jar:/Library/Java/JavaVirtualMachines/jdk1.8.0_151.jdk/Contents/Home/jre/lib/rt.jar:/Library/Java/JavaVirtualMachines/jdk1.8.0_151.jdk/Contents/Home/lib/ant-javafx.jar:/Library/Java/JavaVirtualMachines/jdk1.8.0_151.jdk/Contents/Home
Launcher Type: SUN_STANDARD

Environment Variables:
PATH=/Users/alex/anaconda3/bin:/usr/local/bin:/usr/bin:/bin:/usr/sbin:/sbin:/opt/X11/bin:/Library/Frameworks/Mono.framework/Versions/Current/Commands
SHELL=/bin/bash
DISPLAY=/private/tmp/com.apple.launchd.yBcLqcKaKL/org.macosforge.xquartz:0

Signal Handlers:
SIGSEGV: [libjvm.dylib+0x5b27a5], sa_mask[0]=11111111011111110111111111111111, sa_flags=SA_ONSTACK|SA_RESTART|SA_SIGINFO
SIGBUS: [libjvm.dylib+0x5b27a5], sa_mask[0]=11111111011111110111111111111111, sa_flags=SA_RESTART|SA_SIGINFO
SIGFPE: [libjvm.dylib+0x4891c4], sa_mask[0]=11111111011111110111111111111111, sa_flags=SA_RESTART|SA_SIGINFO
SIGPIPE: [libjvm.dylib+0x4891c4], sa_mask[0]=11111111011111110111111111111111, sa_flags=SA_RESTART|SA_SIGINFO
SIGXFSZ: [libjvm.dylib+0x4891c4], sa_mask[0]=11111111011111110111111111111111, sa_flags=SA_RESTART|SA_SIGINFO
SIGILL: [libjvm.dylib+0x4891c4], sa_mask[0]=11111111011111110111111111111111, sa_flags=SA_RESTART|SA_SIGINFO
SIGUSR1: SIG_DFL, sa_mask[0]=00000000000000000000000000000000, sa_flags=none
SIGUSR2: [libjvm.dylib+0x488ce2], sa_mask[0]=00100000000000000000000000000000, sa_flags=SA_RESTART|SA_SIGINFO
SIGHUP: [libjvm.dylib+0x4872b9], sa_mask[0]=11111111011111110111111111111111, sa_flags=SA_RESTART|SA_SIGINFO
SIGINT: [libjvm.dylib+0x4872b9], sa_mask[0]=11111111011111110111111111111111, sa_flags=SA_RESTART|SA_SIGINFO
SIGTERM: [libjvm.dylib+0x4872b9], sa_mask[0]=11111111011111110111111111111111, sa_flags=SA_RESTART|SA_SIGINFO
SIGQUIT: [libjvm.dylib+0x4872b9], sa_mask[0]=11111111011111110111111111111111, sa_flags=SA_RESTART|SA_SIGINFO


---------------  S Y S T E M  ---------------

OS:Bsduname:Darwin 14.5.0 Darwin Kernel Version 14.5.0: Sun Jun  4 21:40:08 PDT 2017; root:xnu-2782.70.3~1/RELEASE_X86_64 x86_64
rlimit: STACK 8192k, CORE 0k, NPROC 709, NOFILE 10240, AS infinity
load average:2.21 1.97 1.99

CPU:total 4 (initial active 4) (2 cores per cpu, 2 threads per core) family 6 model 61 stepping 4, cmov, cx8, fxsr, mmx, sse, sse2, sse3, ssse3, sse4.1, sse4.2, popcnt, avx, avx2, aes, clmul, erms, 3dnowpref, lzcnt, ht, tsc, tscinvbit, bmi1, bmi2, adx

Memory: 4k page, physical 16777216k(1636828k free)

/proc/meminfo:


vm_info: Java HotSpot(TM) 64-Bit Server VM (25.151-b12) for bsd-amd64 JRE (1.8.0_151-b12), built on Sep  5 2017 19:37:08 by "java_re" with gcc 4.2.1 (Based on Apple Inc. build 5658) (LLVM build 2336.11.00)

time: Fri Mar  2 16:52:49 2018
elapsed time: 1 seconds (0d 0h 0m 1s)

